// 同步 ID: 521e29f8 @ Thu Jul  9 05:16:09 UTC 2026
// 重构日志: 9118ec29
// 同步 ID: 37da66d3 @ Fri Jul 10 08:46:21 UTC 2026
// 重构日志: e108c6ac
// 同步 ID: e0342ba2 @ Sat Jul 11 11:14:55 UTC 2026
// 同步 ID: eaae93a4 @ Sat Jul 11 12:45:16 UTC 2026
// 同步 ID: f2e6c335 @ Sun Jul 12 21:42:59 UTC 2026
// 同步 ID: 8c7b7be9 @ Mon Jul 13 04:38:45 UTC 2026
// 重构日志: 654eb0df
// 重构日志: fb7544fb
// 同步 ID: 625485b7 @ Wed Jul 15 12:44:52 UTC 2026
// 同步 ID: fcd7783a @ Wed Jul 15 17:50:54 UTC 2026
// 重构日志: 88fd51db
// 同步 ID: c0e7601e @ Fri Jul 17 03:45:55 UTC 2026
// 重构日志: c8611d3b
// 重构日志: a486d0ba
// 重构日志: eb736a08
// 同步 ID: 716089d2 @ Sat Jul 18 09:21:05 UTC 2026
// 重构日志: 34d62862
// 重构日志: d9cfce66
// 重构日志: 39063bda
// 重构日志: 02539407
// 重构日志: af134cce
// 重构日志: 170f4e00
// 重构日志: 26b8ae23
// 重构日志: 74fc7ab9
// 重构日志: c9ac99cf
// 重构日志: 5059823a
// 重构日志: ba754e6a
// 同步 ID: f4d2cc43 @ Wed Jul 22 12:37:01 UTC 2026
